<?xml version="1.0" encoding="UTF-8"?>
<testsuite xmlns:xsi="http://www.w3.org/2001/XMLSchema-instance" xsi:noNamespaceSchemaLocation="https://maven.apache.org/surefire/maven-surefire-plugin/xsd/surefire-test-report-3.0.xsd" version="3.0" name="TestSuite" time="43.892" tests="3" errors="0" skipped="0" failures="0">
  <properties>
[...]
</properties>
  <testcase name="loginTest" classname="com.phpProject.HomepageTest" time="11.376"/>
  <testcase name="navigationTest" classname="com.phpProject.NavigationBarTest" time="0.163"/>
  <testcase name="searchTest" classname="com.phpProject.NavigationBarTest" time="0.81"/>
</testsuite>